<?xml version="1.0" encoding="UTF-8"?>
<testng-results skipped="0" failed="0" total="1" passed="1">
  <reporter-output>
  </reporter-output>
  <suite name="Default suite" duration-ms="208016" started-at="2020-05-27T09:33:21Z" finished-at="2020-05-27T09:36:49Z">
    <groups>
    </groups>
    <test name="Default test" duration-ms="208016" started-at="2020-05-27T09:33:21Z" finished-at="2020-05-27T09:36:49Z">
      <class name="HardCodedSenario.Report_Incident_Test">
        <test-method status="PASS" signature="BMTest()[pri:0, instance:HardCodedSenario.Report_Incident_Test@1e88b3c]" name="BMTest" is-config="true" duration-ms="34821" started-at="2020-05-27T15:03:21Z" finished-at="2020-05-27T15:03:56Z">
          <reporter-output>
          </reporter-output>
        </test-method> <!-- BMTest -->
        <test-method status="PASS" signature="Incident_Review_operator_Investigation()[pri:0, instance:HardCodedSenario.Report_Incident_Test@1e88b3c]" name="Incident_Review_operator_Investigation" duration-ms="173158" started-at="2020-05-27T15:03:56Z" finished-at="2020-05-27T15:06:49Z">
          <reporter-output>
          </reporter-output>
        </test-method> <!-- Incident_Review_operator_Investigation -->
        <test-method status="PASS" signature="AMTest()[pri:0, instance:HardCodedSenario.Report_Incident_Test@1e88b3c]" name="AMTest" is-config="true" duration-ms="0" started-at="2020-05-27T15:06:49Z" finished-at="2020-05-27T15:06:49Z">
          <reporter-output>
          </reporter-output>
        </test-method> <!-- AMTest -->
      </class> <!-- HardCodedSenario.Report_Incident_Test -->
    </test> <!-- Default test -->
  </suite> <!-- Default suite -->
</testng-results>
