<?xml version="1.0" encoding="UTF-8"?>
<!-- Generated by org.testng.reporters.JUnitXMLReporter -->
<testsuite hostname="GK007" name="GMR Web application Test : EHS Observation with proper flow" tests="4" failures="0" timestamp="9 Jun 2020 13:00:47 GMT" time="674.136" errors="0">
  <testcase name="EHS_Observation" time="149.448" classname="com.datadriven.test.EHS_Observation_Test"/>
  <testcase name="EHS_Observation_Review" time="154.397" classname="com.datadriven.test.EHS_Observation_Review_Test"/>
  <testcase name="EHS_Observation_Review" time="110.159" classname="com.datadriven.test.EHS_Observation_CAPAPerson_Test"/>
  <testcase name="EHS_Observation_CAPA_Review_DepartmentHead" time="147.289" classname="com.datadriven.test.EHS_Observation_CAPA_Review_Test"/>
</testsuite> <!-- GMR Web application Test : EHS Observation with proper flow -->
