<?xml version="1.0" encoding="UTF-8"?>
<!-- Generated by org.testng.reporters.JUnitXMLReporter -->
<testsuite hostname="GK007" name="GMR Web application Test : Incident with proper flow" tests="1" failures="0" timestamp="10 Jun 2020 13:02:23 GMT" time="243.11" errors="0">
  <testcase name="Incident_Invstegation_Review_Plant_HEAD" time="209.45" classname="com.datadriven.test.Incident_Invstegation_Review_Plant_HEAD_Test"/>
</testsuite> <!-- GMR Web application Test : Incident with proper flow -->
