<?xml version="1.0" encoding="UTF-8"?>
<!-- Generated by org.testng.reporters.JUnitXMLReporter -->
<testsuite hostname="GK007" name="GMR Web application Test : Near Miss with proper flow" tests="1" failures="0" timestamp="10 Jun 2020 06:00:47 GMT" time="201.186" errors="0">
  <testcase name="NearMiss_Invstegation_Review_Plant_HEAD" time="159.067" classname="com.datadriven.test.NearMiss_Invstegation_Review_Plant_HEAD_Test"/>
</testsuite> <!-- GMR Web application Test : Near Miss with proper flow -->
